<?xml version="1.0" encoding="UTF-8"?>
<!-- Generated by org.testng.reporters.JUnitXMLReporter -->
<testsuite hostname="TATTVA1" ignored="0" name="Test" tests="1" failures="1" timestamp="03 Mar 2022 06:49:44 GMT" time="303.497" errors="0">
  <testcase name="createcontacts" time="90.125" classname="com.crm.Contact.CreateContactsTest">
    <failure type="java.lang.NullPointerException">
      <![CDATA[java.lang.NullPointerException
at com.crm.objectRepositry.CreateContactsPage.createNewcontact(CreateContactsPage.java:70)
at com.crm.Contact.CreateContactsTest.createcontacts(CreateContactsTest.java:39)
at java.util.concurrent.FutureTask.run(FutureTask.java:266)
at java.util.concurrent.ThreadPoolExecutor.runWorker(ThreadPoolExecutor.java:1149)
at java.util.concurrent.ThreadPoolExecutor$Worker.run(ThreadPoolExecutor.java:624)
at java.lang.Thread.run(Thread.java:748)
... Removed 16 stack frames]]>
    </failure>
  </testcase> <!-- createcontacts -->
</testsuite> <!-- Test -->
