<?xml version="1.0" encoding="UTF-8"?>
<!-- Generated by org.testng.reporters.JUnitXMLReporter -->
<testsuite hostname="TATTVA1" ignored="0" name="Test1" tests="1" failures="1" timestamp="03 Mar 2022 06:49:44 GMT" time="295.751" errors="0">
  <testcase name="createorg" time="46.863" classname="com.crm.OrganizationTests.CreateOrg1Test">
    <failure type="java.lang.NullPointerException">
      <![CDATA[java.lang.NullPointerException
at com.crm.GenericLibrary.ExcelFileUtility.readDataFromExcel(ExcelFileUtility.java:36)
at com.crm.OrganizationTests.CreateOrg1Test.createorg(CreateOrg1Test.java:28)
at java.util.concurrent.FutureTask.run(FutureTask.java:266)
at java.util.concurrent.ThreadPoolExecutor.runWorker(ThreadPoolExecutor.java:1149)
at java.util.concurrent.ThreadPoolExecutor$Worker.run(ThreadPoolExecutor.java:624)
at java.lang.Thread.run(Thread.java:748)
... Removed 16 stack frames]]>
    </failure>
  </testcase> <!-- createorg -->
</testsuite> <!-- Test1 -->
