<?xml version="1.0" encoding="UTF-8"?>
<testng-results skipped="0" failed="0" ignored="0" total="1" passed="1">
  <reporter-output>
  </reporter-output>
  <suite name="Default suite" duration-ms="295609" started-at="2022-03-09T17:00:37Z" finished-at="2022-03-09T17:05:33Z">
    <groups>
    </groups>
    <test name="Default test" duration-ms="295609" started-at="2022-03-09T17:00:37Z" finished-at="2022-03-09T17:05:33Z">
      <class name="com.crmPRACTICE.SelectNextMonthDateTest">
        <test-method status="PASS" signature="calendar()[pri:0, instance:com.crmPRACTICE.SelectNextMonthDateTest@d62f43]" name="calendar" duration-ms="295342" started-at="2022-03-09T17:00:37Z" finished-at="2022-03-09T17:05:33Z">
          <reporter-output>
          </reporter-output>
        </test-method> <!-- calendar -->
      </class> <!-- com.crmPRACTICE.SelectNextMonthDateTest -->
    </test> <!-- Default test -->
  </suite> <!-- Default suite -->
</testng-results>
